{
  "RSpec": {
    "coverage": {
      "/Users/acosferreira/Documents/zzApp/app/models/employer_csv_layout.rb": {
        "lines": [
          1,
          1,
          null,
          1,
          630,
          630,
          null,
          null,
          1,
          1,
          null,
          630,
          null,
          2,
          null,
          2,
          null,
          626,
          null,
          null,
          null,
          1,
          2,
          null,
          null,
          null
        ]
      },
      "/Users/acosferreira/Documents/zzApp/app/models/application_record.rb": {
        "lines": [
          1,
          1,
          null
        ]
      },
      "/Users/acosferreira/Documents/zzApp/spec/models/employer_spec.rb": {
        "lines": [
          1,
          null,
          1,
          null,
          1,
          5,
          5,
          4,
          4,
          null,
          1,
          2,
          null,
          1,
          1,
          1,
          1,
          null,
          null,
          null,
          1,
          2,
          null,
          1,
          1,
          1,
          1,
          null,
          null,
          null,
          1,
          2,
          null,
          1,
          1,
          1,
          1,
          1,
          null,
          null,
          null,
          1,
          2,
          1,
          1,
          null,
          null,
          null,
          null
        ]
      },
      "/Users/acosferreira/Documents/zzApp/app/models/employer.rb": {
        "lines": [
          1,
          1,
          null,
          1,
          1,
          1,
          1,
          null,
          1,
          4,
          null,
          null,
          null
        ]
      },
      "/Users/acosferreira/Documents/zzApp/app/models/employee.rb": {
        "lines": [
          1,
          1,
          1,
          1,
          null
        ]
      },
      "/Users/acosferreira/Documents/zzApp/app/models/earning.rb": {
        "lines": [
          1,
          1,
          null,
          1,
          1,
          null,
          1,
          null,
          1,
          4,
          4,
          4,
          4,
          null,
          1,
          null,
          null,
          1,
          null,
          1,
          104,
          null,
          2,
          null,
          null
        ]
      },
      "/Users/acosferreira/Documents/zzApp/app/services/employer_csv_service.rb": {
        "lines": [
          1,
          1,
          null,
          1,
          4,
          4,
          null,
          4,
          104,
          104,
          104,
          null,
          0,
          null,
          null,
          3,
          null,
          null,
          1,
          null,
          1,
          104,
          104,
          104,
          312,
          312,
          null,
          104,
          null,
          null
        ]
      }
    },
    "timestamp": 1616142037
  }
}
